platforms/android/app/build/outputs/logs/manifest-merger-debug-report.txt
-- Merging decision tree log ---
manifest
ADDED from src/main/AndroidManifest.xml:2:1-56:12
INJECTED from src/main/AndroidManifest.xml:2:1-56:12
INJECTED from src/main/AndroidManifest.xml:2:1-56:12
INJECTED from src/main/AndroidManifest.xml:2:1-56:12
MERGED from [com.android.support:exifinterface:28.0.0] AndroidManifest.xml:17:1-22:12
MERGED from [com.android.support:design:28.0.0] AndroidManifest.xml:17:1-24:12
MERGED from [com.android.support:appcompat-v7:28.0.0] AndroidManifest.xml:17:1-22:12
MERGED from [com.android.support:recyclerview-v7:28.0.0] AndroidManifest.xml:17:1-22:12
MERGED from [com.android.support:multidex:1.0.2] AndroidManifest.xml:17:1-22:12
MERGED from [com.android.support:support-v4:28.0.0] AndroidManifest.xml:17:1-22:12
MERGED from [:nativescript-optimized-with-inspector:] AndroidManifest.xml:2:1-11:12
MERGED from [:nativescript_camera_plus:] AndroidManifest.xml:2:1-36:12
MERGED from [:nativescript-camera-plus:] AndroidManifest.xml:2:1-17:12
MERGED from [:nativescript_toaster:] AndroidManifest.xml:2:1-11:12
MERGED from [:nativescript_opencv_plugin:] AndroidManifest.xml:2:1-11:12
MERGED from [:TNSListView-release:] AndroidManifest.xml:2:1-11:12
MERGED from [:TNSCore-release:] AndroidManifest.xml:2:1-11:12
MERGED from [:widgets-release:] AndroidManifest.xml:2:1-14:12
MERGED from [com.android.support:support-fragment:28.0.0] AndroidManifest.xml:17:1-22:12
MERGED from [com.android.support:animated-vector-drawable:28.0.0] AndroidManifest.xml:17:1-22:12
MERGED from [com.android.support:support-core-ui:28.0.0] AndroidManifest.xml:17:1-22:12
MERGED from [com.android.support:support-core-utils:28.0.0] AndroidManifest.xml:17:1-22:12
MERGED from [com.android.support:support-vector-drawable:28.0.0] AndroidManifest.xml:17:1-22:12
MERGED from [com.android.support:support-media-compat:28.0.0] AndroidManifest.xml:17:1-22:12
MERGED from [com.android.support:transition:28.0.0] AndroidManifest.xml:17:1-22:12
MERGED from [com.android.support:loader:28.0.0] AndroidManifest.xml:17:1-22:12
MERGED from [com.android.support:viewpager:28.0.0] AndroidManifest.xml:17:1-22:12
MERGED from [com.android.support:coordinatorlayout:28.0.0] AndroidManifest.xml:17:1-22:12
MERGED from [com.android.support:drawerlayout:28.0.0] AndroidManifest.xml:17:1-22:12
MERGED from [com.android.support:slidingpanelayout:28.0.0] AndroidManifest.xml:17:1-22:12
MERGED from [com.android.support:customview:28.0.0] AndroidManifest.xml:17:1-22:12
MERGED from [com.android.support:swiperefreshlayout:28.0.0] AndroidManifest.xml:17:1-22:12
MERGED from [com.android.support:asynclayoutinflater:28.0.0] AndroidManifest.xml:17:1-22:12
MERGED from [com.android.support:support-compat:28.0.0] AndroidManifest.xml:17:1-24:12
MERGED from [com.android.support:versionedparcelable:28.0.0] AndroidManifest.xml:17:1-25:12
MERGED from [com.android.support:cursoradapter:28.0.0] AndroidManifest.xml:17:1-22:12
MERGED from [com.android.support:cardview-v7:28.0.0] AndroidManifest.xml:17:1-22:12
MERGED from [android.arch.lifecycle:runtime:1.1.1] AndroidManifest.xml:17:1-22:12
MERGED from [com.android.support:documentfile:28.0.0] AndroidManifest.xml:17:1-22:12
MERGED from [com.android.support:localbroadcastmanager:28.0.0] AndroidManifest.xml:17:1-22:12
MERGED from [com.android.support:print:28.0.0] AndroidManifest.xml:17:1-22:12
MERGED from [android.arch.lifecycle:viewmodel:1.1.1] AndroidManifest.xml:17:1-22:12
MERGED from [com.android.support:interpolator:28.0.0] AndroidManifest.xml:17:1-22:12
MERGED from [android.arch.lifecycle:livedata:1.1.1] AndroidManifest.xml:17:1-22:12
MERGED from [android.arch.lifecycle:livedata-core:1.1.1] AndroidManifest.xml:17:1-22:12
MERGED from [android.arch.core:runtime:1.1.1] AndroidManifest.xml:17:1-22:12
INJECTED from src/main/AndroidManifest.xml:2:1-56:12
INJECTED from src/main/AndroidManifest.xml:2:1-56:12
INJECTED from src/main/AndroidManifest.xml:2:1-56:12
	package
		ADDED from src/main/AndroidManifest.xml:4:2-19
		INJECTED from src/main/AndroidManifest.xml
		INJECTED from src/main/AndroidManifest.xml
	android:versionName
		ADDED from src/main/AndroidManifest.xml:6:2-27
		INJECTED from src/main/AndroidManifest.xml
		INJECTED from src/main/AndroidManifest.xml
	xmlns:tools
		ADDED from src/main/AndroidManifest.xml:3:1-47
	xmlns:android
		ADDED from src/main/AndroidManifest.xml:2:11-69
	android:versionCode
		ADDED from src/main/AndroidManifest.xml:5:2-25
		INJECTED from src/main/AndroidManifest.xml
		INJECTED from src/main/AndroidManifest.xml
supports-screens
ADDED from src/main/AndroidManifest.xml:8:2-12:33
	android:largeScreens
		ADDED from src/main/AndroidManifest.xml:11:3-30
	android:smallScreens
		ADDED from src/main/AndroidManifest.xml:9:3-30
	android:normalScreens
		ADDED from src/main/AndroidManifest.xml:10:3-31
	android:xlargeScreens
		ADDED from src/main/AndroidManifest.xml:12:3-31
uses-sdk
ADDED from src/main/AndroidManifest.xml:14:2-16:34
INJECTED from src/main/AndroidManifest.xml:14:2-16:34
INJECTED from src/main/AndroidManifest.xml:14:2-16:34
MERGED from [com.android.support:exifinterface:28.0.0] AndroidManifest.xml:20:5-44
MERGED from [com.android.support:exifinterface:28.0.0] AndroidManifest.xml:20:5-44
MERGED from [com.android.support:design:28.0.0] AndroidManifest.xml:20:5-44
MERGED from [com.android.support:design:28.0.0] AndroidManifest.xml:20:5-44
MERGED from [com.android.support:appcompat-v7:28.0.0] AndroidManifest.xml:20:5-44
MERGED from [com.android.support:appcompat-v7:28.0.0] AndroidManifest.xml:20:5-44
MERGED from [com.android.support:recyclerview-v7:28.0.0] AndroidManifest.xml:20:5-44
MERGED from [com.android.support:recyclerview-v7:28.0.0] AndroidManifest.xml:20:5-44
MERGED from [com.android.support:multidex:1.0.2] AndroidManifest.xml:20:5-43
MERGED from [com.android.support:multidex:1.0.2] AndroidManifest.xml:20:5-43
MERGED from [com.android.support:support-v4:28.0.0] AndroidManifest.xml:20:5-44
MERGED from [com.android.support:support-v4:28.0.0] AndroidManifest.xml:20:5-44
MERGED from [:nativescript-optimized-with-inspector:] AndroidManifest.xml:7:5-9:41
MERGED from [:nativescript-optimized-with-inspector:] AndroidManifest.xml:7:5-9:41
MERGED from [:nativescript_camera_plus:] AndroidManifest.xml:7:5-47
MERGED from [:nativescript_camera_plus:] AndroidManifest.xml:7:5-47
MERGED from [:nativescript-camera-plus:] AndroidManifest.xml:7:5-9:41
MERGED from [:nativescript-camera-plus:] AndroidManifest.xml:7:5-9:41
MERGED from [:nativescript_toaster:] AndroidManifest.xml:7:5-47
MERGED from [:nativescript_toaster:] AndroidManifest.xml:7:5-47
MERGED from [:nativescript_opencv_plugin:] AndroidManifest.xml:7:5-47
MERGED from [:nativescript_opencv_plugin:] AndroidManifest.xml:7:5-47
MERGED from [:TNSListView-release:] AndroidManifest.xml:7:5-9:41
MERGED from [:TNSListView-release:] AndroidManifest.xml:7:5-9:41
MERGED from [:TNSCore-release:] AndroidManifest.xml:7:5-9:41
MERGED from [:TNSCore-release:] AndroidManifest.xml:7:5-9:41
MERGED from [:widgets-release:] AndroidManifest.xml:7:5-9:41
MERGED from [:widgets-release:] AndroidManifest.xml:7:5-9:41
MERGED from [com.android.support:support-fragment:28.0.0] AndroidManifest.xml:20:5-44
MERGED from [com.android.support:support-fragment:28.0.0] AndroidManifest.xml:20:5-44
MERGED from [com.android.support:animated-vector-drawable:28.0.0] AndroidManifest.xml:20:5-44
MERGED from [com.android.support:animated-vector-drawable:28.0.0] AndroidManifest.xml:20:5-44
MERGED from [com.android.support:support-core-ui:28.0.0] AndroidManifest.xml:20:5-44
MERGED from [com.android.support:support-core-ui:28.0.0] AndroidManifest.xml:20:5-44
MERGED from [com.android.support:support-core-utils:28.0.0] AndroidManifest.xml:20:5-44
MERGED from [com.android.support:support-core-utils:28.0.0] AndroidManifest.xml:20:5-44
MERGED from [com.android.support:support-vector-drawable:28.0.0] AndroidManifest.xml:20:5-44
MERGED from [com.android.support:support-vector-drawable:28.0.0] AndroidManifest.xml:20:5-44
MERGED from [com.android.support:support-media-compat:28.0.0] AndroidManifest.xml:20:5-44
MERGED from [com.android.support:support-media-compat:28.0.0] AndroidManifest.xml:20:5-44
MERGED from [com.android.support:transition:28.0.0] AndroidManifest.xml:20:5-44
MERGED from [com.android.support:transition:28.0.0] AndroidManifest.xml:20:5-44
MERGED from [com.android.support:loader:28.0.0] AndroidManifest.xml:20:5-44
MERGED from [com.android.support:loader:28.0.0] AndroidManifest.xml:20:5-44
MERGED from [com.android.support:viewpager:28.0.0] AndroidManifest.xml:20:5-44
MERGED from [com.android.support:viewpager:28.0.0] AndroidManifest.xml:20:5-44
MERGED from [com.android.support:coordinatorlayout:28.0.0] AndroidManifest.xml:20:5-44
MERGED from [com.android.support:coordinatorlayout:28.0.0] AndroidManifest.xml:20:5-44
MERGED from [com.android.support:drawerlayout:28.0.0] AndroidManifest.xml:20:5-44
MERGED from [com.android.support:drawerlayout:28.0.0] AndroidManifest.xml:20:5-44
MERGED from [com.android.support:slidingpanelayout:28.0.0] AndroidManifest.xml:20:5-44
MERGED from [com.android.support:slidingpanelayout:28.0.0] AndroidManifest.xml:20:5-44
MERGED from [com.android.support:customview:28.0.0] AndroidManifest.xml:20:5-44
MERGED from [com.android.support:customview:28.0.0] AndroidManifest.xml:20:5-44
MERGED from [com.android.support:swiperefreshlayout:28.0.0] AndroidManifest.xml:20:5-44
MERGED from [com.android.support:swiperefreshlayout:28.0.0] AndroidManifest.xml:20:5-44
MERGED from [com.android.support:asynclayoutinflater:28.0.0] AndroidManifest.xml:20:5-44
MERGED from [com.android.support:asynclayoutinflater:28.0.0] AndroidManifest.xml:20:5-44
MERGED from [com.android.support:support-compat:28.0.0] AndroidManifest.xml:20:5-44
MERGED from [com.android.support:support-compat:28.0.0] AndroidManifest.xml:20:5-44
MERGED from [com.android.support:versionedparcelable:28.0.0] AndroidManifest.xml:20:5-44
MERGED from [com.android.support:versionedparcelable:28.0.0] AndroidManifest.xml:20:5-44
MERGED from [com.android.support:cursoradapter:28.0.0] AndroidManifest.xml:20:5-44
MERGED from [com.android.support:cursoradapter:28.0.0] AndroidManifest.xml:20:5-44
MERGED from [com.android.support:cardview-v7:28.0.0] AndroidManifest.xml:20:5-44
MERGED from [com.android.support:cardview-v7:28.0.0] AndroidManifest.xml:20:5-44
MERGED from [android.arch.lifecycle:runtime:1.1.1] AndroidManifest.xml:20:5-44
MERGED from [android.arch.lifecycle:runtime:1.1.1] AndroidManifest.xml:20:5-44
MERGED from [com.android.support:documentfile:28.0.0] AndroidManifest.xml:20:5-44
MERGED from [com.android.support:documentfile:28.0.0] AndroidManifest.xml:20:5-44
MERGED from [com.android.support:localbroadcastmanager:28.0.0] AndroidManifest.xml:20:5-44
MERGED from [com.android.support:localbroadcastmanager:28.0.0] AndroidManifest.xml:20:5-44
MERGED from [com.android.support:print:28.0.0] AndroidManifest.xml:20:5-44
MERGED from [com.android.support:print:28.0.0] AndroidManifest.xml:20:5-44
MERGED from [android.arch.lifecycle:viewmodel:1.1.1] AndroidManifest.xml:20:5-44
MERGED from [android.arch.lifecycle:viewmodel:1.1.1] AndroidManifest.xml:20:5-44
MERGED from [com.android.support:interpolator:28.0.0] AndroidManifest.xml:20:5-44
MERGED from [com.android.support:interpolator:28.0.0] AndroidManifest.xml:20:5-44
MERGED from [android.arch.lifecycle:livedata:1.1.1] AndroidManifest.xml:20:5-44
MERGED from [android.arch.lifecycle:livedata:1.1.1] AndroidManifest.xml:20:5-44
MERGED from [android.arch.lifecycle:livedata-core:1.1.1] AndroidManifest.xml:20:5-44
MERGED from [android.arch.lifecycle:livedata-core:1.1.1] AndroidManifest.xml:20:5-44
MERGED from [android.arch.core:runtime:1.1.1] AndroidManifest.xml:20:5-44
MERGED from [android.arch.core:runtime:1.1.1] AndroidManifest.xml:20:5-44
INJECTED from src/main/AndroidManifest.xml:14:2-16:34
INJECTED from src/main/AndroidManifest.xml:14:2-16:34
	android:targetSdkVersion
		ADDED from src/main/AndroidManifest.xml:16:3-32
		INJECTED from src/main/AndroidManifest.xml
		INJECTED from src/main/AndroidManifest.xml
	android:minSdkVersion
		ADDED from src/main/AndroidManifest.xml:15:3-29
		INJECTED from src/main/AndroidManifest.xml
		MERGED from src/main/AndroidManifest.xml:15:3-29
		MERGED from src/main/AndroidManifest.xml:15:3-29
		MERGED from src/main/AndroidManifest.xml:15:3-29
		INJECTED from src/main/AndroidManifest.xml
uses-permission#android.permission.READ_EXTERNAL_STORAGE
ADDED from src/main/AndroidManifest.xml:18:2-76
MERGED from [:nativescript_camera_plus:] AndroidManifest.xml:10:5-80
MERGED from [:nativescript_camera_plus:] AndroidManifest.xml:10:5-80
	android:name
		ADDED from src/main/AndroidManifest.xml:18:19-74
uses-permission#android.permission.WRITE_EXTERNAL_STORAGE
ADDED from src/main/AndroidManifest.xml:19:2-77
MERGED from [:nativescript_camera_plus:] AndroidManifest.xml:9:5-81
MERGED from [:nativescript_camera_plus:] AndroidManifest.xml:9:5-81
	android:name
		ADDED from src/main/AndroidManifest.xml:19:19-75
uses-permission#android.permission.INTERNET
ADDED from src/main/AndroidManifest.xml:20:2-63
MERGED from [:nativescript_toaster:] AndroidManifest.xml:9:5-67
MERGED from [:nativescript_toaster:] AndroidManifest.xml:9:5-67
MERGED from [:nativescript_opencv_plugin:] AndroidManifest.xml:9:5-67
MERGED from [:nativescript_opencv_plugin:] AndroidManifest.xml:9:5-67
	android:name
		ADDED from src/main/AndroidManifest.xml:20:19-61
application
ADDED from src/main/AndroidManifest.xml:22:2-55:16
MERGED from [com.android.support:design:28.0.0] AndroidManifest.xml:22:5-20
MERGED from [com.android.support:design:28.0.0] AndroidManifest.xml:22:5-20
MERGED from [:nativescript_camera_plus:] AndroidManifest.xml:24:5-34:19
MERGED from [:nativescript_camera_plus:] AndroidManifest.xml:24:5-34:19
MERGED from [:nativescript-camera-plus:] AndroidManifest.xml:11:5-15:19
MERGED from [:nativescript-camera-plus:] AndroidManifest.xml:11:5-15:19
MERGED from [:widgets-release:] AndroidManifest.xml:11:5-12:19
MERGED from [:widgets-release:] AndroidManifest.xml:11:5-12:19
MERGED from [com.android.support:support-compat:28.0.0] AndroidManifest.xml:22:5-94
MERGED from [com.android.support:support-compat:28.0.0] AndroidManifest.xml:22:5-94
MERGED from [com.android.support:versionedparcelable:28.0.0] AndroidManifest.xml:22:5-23:19
MERGED from [com.android.support:versionedparcelable:28.0.0] AndroidManifest.xml:22:5-23:19
	android:appComponentFactory
		ADDED from [com.android.support:support-compat:28.0.0] AndroidManifest.xml:22:18-91
	android:supportsRtl
		ADDED from [:nativescript-camera-plus:] AndroidManifest.xml:14:9-35
	android:label
		ADDED from src/main/AndroidManifest.xml:26:3-35
	android:icon
		ADDED from src/main/AndroidManifest.xml:25:3-32
	android:allowBackup
		ADDED from src/main/AndroidManifest.xml:24:3-29
	android:theme
		ADDED from src/main/AndroidManifest.xml:27:3-34
	android:name
		ADDED from src/main/AndroidManifest.xml:23:3-49
provider#android.support.v4.content.FileProvider
ADDED from src/main/AndroidManifest.xml:28:1-40:12
MERGED from [:nativescript_camera_plus:] AndroidManifest.xml:25:9-33:20
MERGED from [:nativescript_camera_plus:] AndroidManifest.xml:25:9-33:20
	android:grantUriPermissions
		ADDED from src/main/AndroidManifest.xml:32:7-41
	android:authorities
		ADDED from src/main/AndroidManifest.xml:30:7-49
		REJECTED from [:nativescript_camera_plus:] AndroidManifest.xml:27:13-60
	android:exported
		ADDED from src/main/AndroidManifest.xml:31:7-31
	tools:replace
		ADDED from src/main/AndroidManifest.xml:33:7-42
	android:name
		ADDED from src/main/AndroidManifest.xml:29:7-61
meta-data#android.support.FILE_PROVIDER_PATHS
ADDED from src/main/AndroidManifest.xml:35:7-39:9
MERGED from [:nativescript_camera_plus:] AndroidManifest.xml:30:13-32:58
MERGED from [:nativescript_camera_plus:] AndroidManifest.xml:30:13-32:58
	android:resource
		ADDED from src/main/AndroidManifest.xml:37:11-49
		REJECTED from [:nativescript_camera_plus:] AndroidManifest.xml:32:17-55
	tools:replace
		ADDED from src/main/AndroidManifest.xml:38:11-43
	android:name
		ADDED from src/main/AndroidManifest.xml:36:11-61
activity#com.tns.NativeScriptActivity
ADDED from src/main/AndroidManifest.xml:41:3-53:14
	android:label
		ADDED from src/main/AndroidManifest.xml:43:4-49
	android:configChanges
		ADDED from src/main/AndroidManifest.xml:44:4-65
	android:theme
		ADDED from src/main/AndroidManifest.xml:45:4-44
	android:name
		ADDED from src/main/AndroidManifest.xml:42:4-47
meta-data#SET_THEME_ON_LAUNCH
ADDED from src/main/AndroidManifest.xml:47:4-87
	android:resource
		ADDED from src/main/AndroidManifest.xml:47:50-84
	android:name
		ADDED from src/main/AndroidManifest.xml:47:15-49
intent-filter#action:name:android.intent.action.MAIN+category:name:android.intent.category.LAUNCHER
ADDED from src/main/AndroidManifest.xml:49:4-52:20
action#android.intent.action.MAIN
ADDED from src/main/AndroidManifest.xml:50:5-57
	android:name
		ADDED from src/main/AndroidManifest.xml:50:13-54
category#android.intent.category.LAUNCHER
ADDED from src/main/AndroidManifest.xml:51:5-65
	android:name
		ADDED from src/main/AndroidManifest.xml:51:15-62
activity#com.tns.ErrorReportActivity
ADDED from src/main/AndroidManifest.xml:54:3-57
	android:name
		ADDED from src/main/AndroidManifest.xml:54:13-55
uses-permission#android.permission.RECORD_AUDIO
ADDED from [:nativescript_camera_plus:] AndroidManifest.xml:11:5-71
	android:name
		ADDED from [:nativescript_camera_plus:] AndroidManifest.xml:11:22-68
uses-permission#android.permission.CAMERA
ADDED from [:nativescript_camera_plus:] AndroidManifest.xml:12:5-65
	android:name
		ADDED from [:nativescript_camera_plus:] AndroidManifest.xml:12:22-62
uses-feature#android.hardware.camera
ADDED from [:nativescript_camera_plus:] AndroidManifest.xml:14:5-16:36
	android:required
		ADDED from [:nativescript_camera_plus:] AndroidManifest.xml:16:9-33
	android:name
		ADDED from [:nativescript_camera_plus:] AndroidManifest.xml:15:9-47
uses-feature#android.hardware.camera.front
ADDED from [:nativescript_camera_plus:] AndroidManifest.xml:17:5-19:36
	android:required
		ADDED from [:nativescript_camera_plus:] AndroidManifest.xml:19:9-33
	android:name
		ADDED from [:nativescript_camera_plus:] AndroidManifest.xml:18:9-53
uses-feature#android.hardware.camera.autofocus
ADDED from [:nativescript_camera_plus:] AndroidManifest.xml:20:5-22:36
	android:required
		ADDED from [:nativescript_camera_plus:] AndroidManifest.xml:22:9-33
	android:name
		ADDED from [:nativescript_camera_plus:] AndroidManifest.xml:21:9-57